[28Jul2025 00:00:29.303] [Server thread/INFO] [net.minecraft.server.MinecraftServer/]: RakanCharming was slain by Vampire Hunter
[28Jul2025 00:00:32.931] [Server thread/INFO] [net.minecraft.server.MinecraftServer/]: [RakanCharming: Teleported RakanCharming to mafe17_]
[28Jul2025 00:01:14.936] [Server thread/INFO] [net.minecraft.server.MinecraftServer/]: [RakanCharming: Teleported RakanCharming to mafe17_]
[28Jul2025 00:01:37.010] [Server thread/WARN] [net.minecraft.server.level.ServerPlayerGameMode/]: Mismatch in destroy block pos: BlockPos{x=145, y=73, z=-3337} BlockPos{x=145, y=71, z=-3337}
[28Jul2025 00:02:47.874] [Server thread/INFO] [net.minecraft.server.MinecraftServer/]: [RakanCharming: Teleported RakanCharming to mafe17_]
[28Jul2025 00:06:06.907] [Worker-Main-5/ERROR] [net.minecraft.world.entity.decoration.HangingEntity/]: Hanging entity at invalid position: BlockPos{x=263, y=73, z=171}
[28Jul2025 00:06:16.958] [Server thread/INFO] [net.minecraft.server.MinecraftServer/]: [RakanCharming: Teleported RakanCharming to mafe17_]
[28Jul2025 00:06:23.255] [Server thread/WARN] [net.minecraft.server.level.ServerPlayerGameMode/]: Mismatch in destroy block pos: BlockPos{x=469, y=78, z=-3343} BlockPos{x=468, y=76, z=-3343}
[28Jul2025 00:07:23.260] [Server thread/INFO] [net.minecraft.server.MinecraftServer/]: [RakanCharming: Teleported RakanCharming to mafe17_]
[28Jul2025 00:08:49.433] [Server thread/INFO] [net.minecraft.server.MinecraftServer/]: [RakanCharming: Teleported mafe17_ to RakanCharming]
[28Jul2025 00:13:12.993] [Server thread/INFO] [net.minecraft.server.MinecraftServer/]: mafe17_ was slain by RakanCharming
[28Jul2025 00:15:13.581] [Server thread/INFO] [net.minecraft.server.MinecraftServer/]: [RakanCharming: Teleported RakanCharming to 880.500000, 78.500000, -3360.500000]
[28Jul2025 00:15:36.077] [Server thread/INFO] [net.minecraft.server.MinecraftServer/]: [RakanCharming: Teleported mafe17_ to RakanCharming]
[28Jul2025 00:15:38.244] [Worker-Main-3/ERROR] [net.minecraft.world.entity.decoration.HangingEntity/]: Hanging entity at invalid position: BlockPos{x=16, y=-59, z=-17}
[28Jul2025 00:15:38.245] [Worker-Main-3/ERROR] [net.minecraft.world.entity.decoration.HangingEntity/]: Hanging entity at invalid position: BlockPos{x=16, y=-58, z=-12}
[28Jul2025 00:15:38.245] [Worker-Main-3/ERROR] [net.minecraft.world.entity.decoration.HangingEntity/]: Hanging entity at invalid position: BlockPos{x=16, y=-58, z=-15}
[28Jul2025 00:15:38.245] [Worker-Main-3/ERROR] [net.minecraft.world.entity.decoration.HangingEntity/]: Hanging entity at invalid position: BlockPos{x=19, y=-59, z=-10}
[28Jul2025 00:15:38.256] [Worker-Main-3/ERROR] [net.minecraft.world.entity.decoration.HangingEntity/]: Hanging entity at invalid position: BlockPos{x=15, y=-59, z=36}
[28Jul2025 00:19:22.955] [Server thread/INFO] [net.minecraft.server.MinecraftServer/]: mafe17_ was slain by Vampire
[28Jul2025 00:19:26.473] [Server thread/INFO] [net.minecraft.server.MinecraftServer/]: [RakanCharming: Teleported mafe17_ to RakanCharming]
[28Jul2025 00:20:14.958] [Server thread/INFO] [net.minecraft.server.MinecraftServer/]: [RakanCharming: Teleported RakanCharming to mafe17_]
[28Jul2025 00:20:16.155] [Server thread/INFO] [net.minecraft.server.MinecraftServer/]: mafe17_ was slain by Vampire
[28Jul2025 00:20:25.524] [Server thread/INFO] [net.minecraft.server.MinecraftServer/]: [RakanCharming: Teleported mafe17_ to RakanCharming]
[28Jul2025 00:22:19.656] [Server thread/INFO] [net.minecraft.server.MinecraftServer/]: [RakanCharming: Teleported RakanCharming to mafe17_]
[28Jul2025 00:23:08.659] [Server thread/INFO] [net.minecraft.server.MinecraftServer/]: mafe17_ was shot by Skeleton
[28Jul2025 00:23:15.819] [Server thread/INFO] [net.minecraft.server.MinecraftServer/]: [RakanCharming: Teleported mafe17_ to RakanCharming]
[28Jul2025 00:23:51.310] [Server thread/INFO] [net.minecraft.server.MinecraftServer/]: [RakanCharming: Teleported mafe17_ to RakanCharming]
[28Jul2025 00:24:06.061] [Server thread/INFO] [net.minecraft.server.MinecraftServer/]: [RakanCharming: Teleported RakanCharming to 377.500000, 88.500000, -3437.500000]
[28Jul2025 00:24:08.185] [Server thread/INFO] [net.minecraft.server.MinecraftServer/]: [RakanCharming: Teleported mafe17_ to RakanCharming]
[28Jul2025 00:25:04.541] [Server thread/INFO] [net.minecraft.server.MinecraftServer/]: [RakanCharming: Teleported RakanCharming to 1025.500000, 67.500000, -3662.500000]
[28Jul2025 00:28:38.721] [Server thread/INFO] [net.minecraft.server.MinecraftServer/]: [RakanCharming: Teleported RakanCharming to mafe17_]
[28Jul2025 00:31:29.172] [Server thread/INFO] [net.minecraft.server.MinecraftServer/]: [RakanCharming: Teleported RakanCharming to mafe17_]
